#
# A fatal error has been detected by the Java Runtime Environment:
#
#  SIGSEGV (0xb) at pc=0x0000000000000000, pid=937, tid=107551
#
# JRE version: Java(TM) SE Runtime Environment (8.0_65-b17) (build 1.8.0_65-b17)
# Java VM: Java HotSpot(TM) 64-Bit Server VM (25.65-b01 mixed mode bsd-amd64 compressed oops)
# Problematic frame:
# C  0x0000000000000000
#
# Failed to write core dump. Core dumps have been disabled. To enable core dumping, try "ulimit -c unlimited" before starting Java again
#
# If you would like to submit a bug report, please visit:
#   http://bugreport.java.com/bugreport/crash.jsp
#

---------------  T H R E A D  ---------------

Current thread is native thread

siginfo: si_signo: 11 (SIGSEGV), si_code: 1 (SEGV_MAPERR), si_addr: 0x0000000000000000

Registers:
RAX=0x000000019c173508, RBX=0x00000000000161b0, RCX=0x0000000000000010, RDX=0xfffffffffffffff0
RSP=0x00000001a731c9f8, RBP=0x00000001a731caa0, RSI=0x0000000000000000, RDI=0x00007fd027bd6c00
R8 =0x0000000000000200, R9 =0x00007fd0095d66e0, R10=0x00000001a5490d68, R11=0xffffffffffe834e0
R12=0x0000000000000200, R13=0x00007fd027bd6c00, R14=0x00007fd009753200, R15=0x0000000000000800
RIP=0x0000000000000000, EFLAGS=0x0000000000010246, ERR=0x0000000000000014
  TRAPNO=0x000000000000000e

Top of Stack: (sp=0x00000001a731c9f8)
0x00000001a731c9f8:   000000019c145639 00007fd00e080d10
0x00000001a731ca08:   00000001a731caf4 00007fd027bdedb0
0x00000001a731ca18:   000000019bdcd010 00007fd027bdcdb0
0x00000001a731ca28:   0000020000000000 0000000000000000
0x00000001a731ca38:   00007fd022b28be0 00000001003a9064
0x00000001a731ca48:   00007fd027bdadb0 00007fd027bd6c00
0x00000001a731ca58:   0000020000000000 00007fd00e080d18
0x00000001a731ca68:   000000000000037f 9e00ce7735c6c8e2
0x00000001a731ca78:   00007fd02f0b2c18 0000000000000200
0x00000001a731ca88:   00007fd02f0b2ba0 00007fd009753200
0x00000001a731ca98:   00007fd0095d66e0 00000001a731cab0
0x00000001a731caa8:   000000019c1552ef 00000001a731cb20
0x00000001a731cab8:   00000001a548dd45 00000000ffffffff
0x00000001a731cac8:   00007fd00ab2aff8 00007fd02f0b2c18
0x00000001a731cad8:   00007fd00ab2ae00 00000001a731cc80
0x00000001a731cae8:   00000001a731cc78 0000020000000000
0x00000001a731caf8:   00000001a731cc78 00007fd00ab2ae00
0x00000001a731cb08:   00007fd02f0b2e30 00007fd009738f70
0x00000001a731cb18:   0000000000000200 00000001a731cb70
0x00000001a731cb28:   00000001a548b76e 00000001a731cba4
0x00000001a731cb38:   00000001a731cc80 000000000ab2b034
0x00000001a731cb48:   00000001a731cc78 00007fd00ab2ae00
0x00000001a731cb58:   00007fd009738f70 0000000000000200
0x00000001a731cb68:   00007fd009738f70 00000001a731cbe0
0x00000001a731cb78:   00000001a5489e5d 00007fd009738f70
0x00000001a731cb88:   00007fd02f0b2e30 00000001a731cc78
0x00000001a731cb98:   00001fa00ab2ae00 00000001a731cc80
0x00000001a731cba8:   0000000000000000 00009fe000000000
0x00000001a731cbb8:   00007fd009738f70 00007fd0295971c0
0x00000001a731cbc8:   00007fd00ab2ae00 00007fd00ab2b0e8
0x00000001a731cbd8:   00007fd009738f70 00000001a731ccf0
0x00000001a731cbe8:   00000001a5491591 ffffffffffffffff 

Instructions: (pc=0x0000000000000000)
0xffffffffffffffe0:   

Register to memory mapping:

RAX=0x000000019c173508: PlaybackBackend+0x20 in /Applications/MultiMC.app/Contents/MacOS/instances/New TOPS Modpack/natives/openal.dylib at 0x000000019c12a000
RBX=0x00000000000161b0 is an unknown value
RCX=0x0000000000000010 is an unknown value
RDX=0xfffffffffffffff0 is an unknown value
RSP=0x00000001a731c9f8 is an unknown value
RBP=0x00000001a731caa0 is an unknown value
RSI=0x0000000000000000 is an unknown value
RDI=0x00007fd027bd6c00 is an unknown value
R8 =0x0000000000000200 is an unknown value
R9 =0x00007fd0095d66e0 is an unknown value
R10=