INFO: MineTweaker: Building registry
INFO: MineTweaker: Sucessfully built item registry
INFO: Adding command minetweaker
INFO: Adding minetweaker command tooltips
INFO: 
INFO: Adding minetweaker command materials
INFO: Adding minetweaker command modifiers
INFO: Adding minetweaker command tconstruct
INFO: Adding recipe for Tin Cable
INFO: Adding recipe for Copper Cable
INFO: Adding recipe for Silver Cable
INFO: Adding recipe for Gold Cable
INFO: Adding recipe for Pink Cable
INFO: Adding recipe for Ender-Flux Cable
INFO: Adding recipe for Fibre-Optic Cable
INFO: Adding recipe for Fibre-Optic Cable
INFO: Adding recipe for Fibre-Optic Cable
INFO: Adding recipe for Fibre-Optic Cable
INFO: Adding recipe for Fibre-Optic Cable
INFO: Adding recipe for Fibre-Optic Cable
INFO: Adding recipe for High-Voltage Cable
INFO: Adding recipe for Covered Tin Cable
INFO: Adding recipe for Covered Copper Cable
INFO: Adding recipe for Covered Silver Cable
INFO: Adding recipe for Covered Gold Cable
INFO: Adding recipe for Covered Pink Cable
INFO: Adding recipe for Covered Ender-Flux Cable
INFO: Adding recipe for Covered High-Voltage Cable
INFO: Adding recipe for Nuke
INFO: Removing 1 recipes
INFO: Removing 1 recipes
INFO: Removing 1 recipes
INFO: Removing 1 recipes
INFO: Adding recipe for Adamantine Helmet
INFO: Adding recipe for Adamantine Chestplate
INFO: Adding recipe for Adamantine Leg Armor
INFO: Adding recipe for Adamantine Boots
INFO: Removing 1 recipes
INFO: Removing 1 recipes
INFO: Removing 1 recipes
INFO: Removing 1 recipes
INFO: Adding recipe for Iron Helmet
INFO: Adding recipe for Iron Chestplate
INFO: Adding recipe for Iron Leggings
INFO: Adding recipe for Iron Boots
INFO: Removing 2 recipes
INFO: Removing 2 recipes
INFO: Removing 2 recipes
INFO: Removing 2 recipes
INFO: Adding recipe for Golden Helmet
INFO: Adding recipe for Golden Chestplate
INFO: Adding recipe for Golden Leggings
INFO: Adding recipe for Golden Boots
INFO: Removing 2 recipes
INFO: Removing 2 recipes
INFO: Removing 2 recipes
INFO: Removing 2 recipes
INFO: Removing 1 recipes
INFO: Removing 1 recipes
INFO: Removing 1 recipes
INFO: Removing 1 recipes
INFO: Removing 1 recipes
INFO: Removing 1 recipes
INFO: Removing 1 recipes
INFO: Removing 1 recipes
INFO: Removing 1 recipes
INFO: Removing 1 recipes
INFO: Removing 1 recipes
INFO: Removing 1 recipes
INFO: Adding recipe for Chain Helmet
INFO: Adding recipe for Chain Chestplate
INFO: Adding recipe for Chain Leggings
INFO: Adding recipe for Chain Boots
INFO: Removing 1 recipes
INFO: Removing 1 recipes
INFO: Removing 1 recipes
INFO: Removing 1 recipes
INFO: Removing 0 recipes
INFO: Removing 0 recipes
INFO: Removing 0 recipes
INFO: Removing 0 recipes
INFO: Removing 0 recipes
INFO: Removing 1 recipes
INFO: Removing 1 recipes
INFO: Removing 1 recipes
INFO: Removing 1 recipes
INFO: Removing 1 recipes
INFO: Adding recipe for Copper Helmet
INFO: Adding recipe for Copper Chestplate
INFO: Adding recipe for Copper Leg Armor
INFO: Adding recipe for Copper Boots
INFO: Removing 1 recipes
INFO: Removing 1 recipes
INFO: Removing 1 recipes
INFO: Removing 1 recipes
INFO: Removing 1 recipes
INFO: Adding recipe for Tin Helmet
INFO: Adding recipe for Tin Chestplate
INFO: Adding recipe for Tin Leg Armor
INFO: Adding recipe for Tin Boots
INFO: Removing 1 recipes
INFO: Removing 1 recipes
INFO: Removing 1 recipes
INFO: Removing 1 recipes
INFO: Removing 0 recipes
INFO: Removing 0 recipes
INFO: Removing 0 recipes
INFO: Removing 0 recipes
INFO: Removing 0 recipes
INFO: Removing 1 recipes
INFO: Adding recipe for Aluminum Helmet
INFO: Adding recipe for Aluminum Chestplate
INFO: Adding recipe for Aluminum Leg Armor
INFO: Adding recipe for Aluminum Boots
INFO: Removing 1 recipes
INFO: Removing 1 recipes
INFO: Removing 1 recipes
INFO: Removing 1 recipes
INFO: Removing 0 recipes
INFO: Removing 0 recipes
INFO: Removing 0 recipes
INFO: Removing 0 recipes
INFO: Removing 0 recipes
INFO: Removing 1 recipes
INFO: Removing 0 recipes
INFO: Removing 0 recipes
INFO: Removing 1 recipes
INFO: Removing 0 recipes
INFO: Removing 0 recipes
INFO: Removing 0 recipes
INFO: Removing 0 recipes
INFO: Removing 0 recipes
INFO: Removing 0 recipes
INFO: Removing 0 recipes
INFO: Removing 1 recipes
INFO: Removing 1 recipes
INFO: Removing 1 recipes
INFO: Removing 1 recipes
INFO: Removing 1 recipes
INFO: Removing 1 recipes
INFO: Removing 1 recipes
INFO: Removing 1 recipes
INFO: Removing 0 recipes
INFO: Removing 0 recipes
INFO: Removing 0 recipes
INFO: Removing 0 recipes
INFO: Adding recipe for Bronze Helmet
INFO: Adding recipe for Bronze Chestplate
INFO: Adding recipe for Bronze Leg Armor
INFO: Adding recipe for Bronze Boots
INFO: Removing 1 recipes
INFO: Removing 1 recipes
INFO: Removing 1 recipes
INFO: Removing 1 recipes
INFO: Removing 1 recipes
INFO: Adding recipe for Brass Helmet
INFO: Adding recipe for Brass Chestplate
INFO: Adding recipe for Brass Leg Armor
INFO: Adding recipe for Brass Boots
INFO: Removing 1 recipes
INFO: Removing 1 recipes
INFO: Removing 1 recipes
INFO: Removing 1 recipes
INFO: Removing 1 recipes
INFO: Adding recipe for Aluminum Brass Helmet
INFO: Adding recipe for Aluminum Brass Chestplate
INFO: Adding recipe for Aluminum Brass Leg Armor
INFO: Adding recipe for Aluminum Brass Boots
INFO: Removing 1 recipes
INFO: Removing 1 recipes
INFO: Removing 1 recipes
INFO: Removing 1 recipes
INFO: Removing 1 recipes
INFO: Adding recipe for Platinum Helmet
INFO: Adding recipe for Platinum Chestplate
INFO: Adding recipe for Platinum Leg Armor
INFO: Adding recipe for Platinum Boots
INFO: Removing 1 recipes
INFO: Removing 1 recipes
INFO: Removing 1 recipes
INFO: Removing 1 recipes
INFO: Removing 0 recipes
INFO: Removing 0 recipes
INFO: Removing 0 recipes
INFO: Removing 0 recipes
INFO: Removing 0 recipes
INFO: Removing 1 recipes
INFO: Removing 1 recipes
INFO: Removing 1 recipes
INFO: Removing 1 recipes
INFO: Removing 1 recipes
INFO: Adding recipe for Electrum Helmet
INFO: Adding recipe for Electrum Chestplate
INFO: Adding recipe for Electrum Leg Armor
INFO: Adding recipe for Electrum Boots
INFO: Removing 1 recipes
INFO: Removing 1 recipes
INFO: Removing 1 recipes
INFO: Removing 1 recipes
INFO: Removing 0 recipes
INFO: Removing 0 recipes
INFO: Removing 0 recipes
INFO: Removing 0 recipes
INFO: Removing 0 recipes
INFO: Removing 1 recipes
INFO: Removing 1 recipes
INFO: Removing 1 recipes
INFO: Removing 1 recipes
INFO: Removing 1 recipes
INFO: Adding recipe for Invar Helmet
INFO: Adding recipe for Invar Chestplate
INFO: Adding recipe for Invar Leg Armor
INFO: Adding recipe for Invar Boots
INFO: Removing 1 recipes
INFO: Removing 1 recipes
INFO: Removing 1 recipes
INFO: Removing 1 recipes
INFO: Removing 0 recipes
INFO: Removing 0 recipes
INFO: Removing 0 recipes
INFO: Removing 0 recipes
INFO: Removing 0 recipes
INFO: Removing 1 recipes
INFO: Removing 1 recipes
INFO: Removing 1 recipes
INFO: Removing 1 recipes
INFO: Removing 1 recipes
INFO: Adding recipe for Steel Helmet
INFO: Adding recipe for Steel Chestplate
INFO: Adding recipe for Steel Leg Armor
INFO: Adding recipe for Steel Boots
INFO: Removing 1 recipes
INFO: Removing 1 recipes
INFO: Removing 1 recipes
INFO: Removing 1 recipes
INFO: Removing 0 recipes
INFO: Removing 0 recipes
INFO: Removing 0 recipes
INFO: Removing 0 recipes
INFO: Removing 0 recipes
INFO: Removing 1 recipes
INFO: Removing 1 recipes
INFO: Removing 1 recipes
INFO: Removing 1 recipes
INFO: Removing 1 recipes
INFO: Adding recipe for Silver Helmet
INFO: Adding recipe for Silver Chestplate
INFO: Adding recipe for Silver Leg Armor
INFO: Adding recipe for Silver Boots
INFO: Removing 1 recipes
INFO: Removing 1 recipes
INFO: Removing 1 recipes
INFO: Removing 1 recipes
INFO: Removing 1 recipes
INFO: Adding recipe for Lead Helmet
INFO: Adding recipe for Lead Chestplate
INFO: Adding recipe for Lead Leg Armor
INFO: Adding recipe for Lead Boots
INFO: Removing 1 recipes
INFO: Removing 1 recipes
INFO: Removing 1 recipes
INFO: Removing 1 recipes
INFO: Adding recipe for Signalum Helmet
INFO: Adding recipe for Signalum Chestplate
INFO: Adding recipe for Signalum Leggings
INFO: Adding recipe for Signalum Boots
INFO: Removing 1 recipes
INFO: Removing 1 recipes
INFO: Removing 1 recipes
INFO: Removing 1 recipes
INFO: Adding recipe for Lumium Helmet
INFO: Adding recipe for Lumium Chestplate
INFO: Adding recipe for Lumium Leggings
INFO: Adding recipe for Lumium Boots
INFO: Removing 1 recipes
INFO: Removing 1 recipes
INFO: Removing 1 recipes
INFO: Removing 1 recipes
INFO: Adding recipe for Enderium Helmet
INFO: Adding recipe for Enderium Chestplate
INFO: Adding recipe for Enderium Leggings
INFO: Adding recipe for Enderium Boots
INFO: Removing 1 recipes
INFO: Removing 1 recipes
INFO: Removing 1 recipes
INFO: Removing 1 recipes
INFO: Removing 1 recipes
INFO: Adding recipe for Cold-Iron Helmet
INFO: Adding recipe for Cold-Iron Chestplate
INFO: Adding recipe for Cold-Iron Leg Armor
INFO: Adding recipe for Cold-Iron Boots
INFO: Removing 1 recipes
INFO: Removing 1 recipes
INFO: Removing 1 recipes
INFO: Removing 1 recipes
INFO: Removing 1 recipes
INFO: Adding recipe for Cupronickel Helmet
INFO: Adding recipe for Cupronickel Chestplate
INFO: Adding recipe for Cupronickel Leg Armor
INFO: Adding recipe for Cupronickel Boots
INFO: Removing 1 recipes
INFO: Removing 1 recipes
INFO: Removing 1 recipes
INFO: Removing 1 recipes
INFO: Removing 1 recipes
INFO: Adding recipe for Galvanized Steel Helmet
INFO: Adding recipe for Galvanized Steel Chestplate
INFO: Adding recipe for Galvanized Steel Leg Armor
INFO: Adding recipe for Galvanized Steel Boots
INFO: Removing 1 recipes
INFO: Removing 1 recipes
INFO: Removing 1 recipes
INFO: Removing 1 recipes
INFO: Removing 1 recipes
INFO: Adding recipe for Stainless Steel Helmet
INFO: Adding recipe for Stainless Steel Chestplate
INFO: Adding recipe for Stainless Steel Leg Armor
INFO: Adding recipe for Stainless Steel Boots
INFO: Removing 1 recipes
INFO: Removing 1 recipes
INFO: Removing 1 recipes
INFO: Removing 1 recipes
INFO: Removing 1 recipes
INFO: Adding recipe for Iridium Helmet
INFO: Adding recipe for Iridium Chestplate
INFO: Adding recipe for Iridium Leg Armor
INFO: Adding recipe for Iridium Boots
INFO: Removing 1 recipes
INFO: Removing 1 recipes
INFO: Removing 1 recipes
INFO: Removing 1 recipes
INFO: Removing 1 recipes
INFO: Adding recipe for Nichrome Helmet
INFO: Adding recipe for Nichrome Chestplate
INFO: Adding recipe for Nichrome Leg Armor
INFO: Adding recipe for Nichrome Boots
INFO: Removing 1 recipes
INFO: Removing 1 recipes
INFO: Removing 1 recipes
INFO: Removing 1 recipes
INFO: Removing 1 recipes
INFO: Adding recipe for Osmium Helmet
INFO: Adding recipe for Osmium Chestplate
INFO: Adding recipe for Osmium Leg Armor
INFO: Adding recipe for Osmium Boots
INFO: Removing 1 recipes
INFO: Removing 1 recipes
INFO: Removing 1 recipes
INFO: Removing 1 recipes
INFO: Removing 1 recipes
INFO: Adding recipe for Titanium Helmet
INFO: Adding recipe for Titanium Chestplate
INFO: Adding recipe for Titanium Leg Armor
INFO: Adding recipe for Titanium Boots
INFO: Removing 1 recipes
INFO: Removing 1 recipes
INFO: Removing 1 recipes
INFO: Removing 1 recipes
INFO: Removing 1 recipes
INFO: Adding recipe for Tungsten Helmet
INFO: Adding recipe for Tungsten Chestplate
INFO: Adding recipe for Tungsten Leg Armor
INFO: Adding recipe for Tungsten Boots
INFO: Removing 1 recipes
INFO: Removing 1 recipes
INFO: Removing 1 recipes
INFO: Removing 1 recipes
INFO: Removing 1 recipes
INFO: Adding recipe for Zirconium Helmet
INFO: Adding recipe for Zirconium Chestplate
INFO: Adding recipe for Zirconium Leg Armor
INFO: Adding recipe for Zirconium Boots
INFO: Removing 1 recipes
INFO: Removing 1 recipes
INFO: Removing 1 recipes
INFO: Removing 1 recipes
INFO: Removing 0 recipes
INFO: Removing 0 recipes
INFO: Removing 0 recipes
INFO: Removing 0 recipes
INFO: Removing 0 recipes
INFO: Removing 1 recipes
INFO: Removing 1 recipes
INFO: Removing 1 recipes
INFO: Removing 1 recipes
INFO: Removing 1 recipes
INFO: Removing 0 recipes
INFO: Removing 0 recipes
INFO: Removing 0 recipes
INFO: Removing 0 recipes
INFO: Removing 0 recipes
INFO: Removing 1 recipes
INFO: Removing 1 recipes
INFO: Removing 1 recipes
INFO: Removing 1 recipes
INFO: Removing 1 recipes
INFO: Removing 0 recipes
INFO: Removing 0 recipes
INFO: Removing 0 recipes
INFO: Removing 0 recipes
INFO: Removing 0 recipes
INFO: Removing 1 recipes
INFO: Removing 1 recipes
INFO: Removing 1 recipes
INFO: Removing 1 recipes
INFO: Removing 1 recipes
INFO: Removing 0 recipes
INFO: Removing 0 recipes
INFO: Removing 0 recipes
INFO: Removing 0 recipes
INFO: Removing 0 recipes
INFO: Removing 1 recipes
INFO: Removing 1 recipes
INFO: Removing 1 recipes
INFO: Removing 1 recipes
INFO: Removing 1 recipes
INFO: Removing 0 recipes
INFO: Removing 0 recipes
INFO: Removing 0 recipes
INFO: Removing 0 recipes
INFO: Removing 0 recipes
INFO: Removing 1 recipes
INFO: Removing 1 recipes
INFO: Removing 1 recipes
INFO: Removing 1 recipes
INFO: Removing 1 recipes
INFO: Removing 0 recipes
INFO: Removing 0 recipes
INFO: Removing 0 recipes
INFO: Removing 0 recipes
INFO: Removing 0 recipes
INFO: Removing 1 recipes
INFO: Removing 3 furnace recipes
INFO: Removing 1 recipes
INFO: Removing 1 recipes
INFO: Removing 1 recipes
INFO: Removing 1 recipes
INFO: Removing 0 recipes
INFO: Removing 0 recipes
INFO: Removing 0 recipes
INFO: Removing 0 recipes
INFO: Removing 0 recipes
INFO: Removing 1 recipes
INFO: [ModTweaker] Adding 1 Forestry Still Recipe(s) for <liquid:bio.ethanol>
INFO: Setting localization for the key: item.dark_steel.name to Black Steel
INFO: Setting localization for the key: item.wonderfulwands_wand_fire.name to Wand of Meteors
INFO: Setting localization for the key: item.elementsofpower.creative.name to Rainbow Diamond
INFO: Setting localization for the key: item.substratum.mortar.name to Magic Mortar
INFO: Setting localization for the key: item.modernmetals:uranium_crossbow.name to Small Pile of Uranium 238
INFO: Setting localization for the key: item.modernmetals:uranium_bolt.name to Small Pile of Uranium 235
INFO: Setting localization for the key: item.modernmetals:uranium_horsearmor.name to Raw Enriched Uranium
INFO: Setting localization for the key: item.bigreactors:ingotMetals.yellorium.name to Enriched Uranium Fuel Pellet
INFO: Setting localization for the key: item.bigreactors:ingotMetals.cyanite.name to Spent Nuclear Fuel
INFO: Setting localization for the key: item.bigreactors:ingotMetals.blutonium.name to MOX Fuel Pellet
INFO: Setting localization for the key: item.modernmetals:tantalum_horsearmor.name to Black Diamond
INFO: Setting localization for the key: item.modernmetals:tungsten_horsearmor.name to White Diamond
INFO: Setting localization for the key: item.modernmetals:plutonium_horsearmor.name to Plutonium Powder
INFO: Setting localization for the key: item.modernmetals:plutonium_smallpowder.name to Small Pile of Plutonium 238
INFO: Setting localization for the key: item.modernmetals:plutonium_powder.name to Pile of Plutonium 238
INFO: Setting localization for the key: item.modernmetals:plutonium_ingot.name to Plutonium 238 Ingot
INFO: Setting localization for the key: item.modernmetals:plutonium_block.name to Block of Plutonium 238
INFO: Setting localization for the key: item.modernmetals:plutonium_bolt.name to Small Pile of Weapons-Grade Plutonium 239
INFO: Setting localization for the key: item.modernmetals:plutonium_crossbow.name to Small Pile of Reactor-Grade Plutonium 239
INFO: Setting localization for the key: item.techreborn.part.plutoniumCell.name to Raw MOX Fuel
INFO: Setting localization for the key: item.techreborn.part.doublePlutoniumCell.name to Pile of Weapons-Grade Plutonium
INFO: Removing 1 recipes
INFO: Adding recipe for Magic Mortar
INFO: Removing 1 recipes
INFO: Adding recipe for Iridium Alloy Ingot
INFO: Removing 0 recipes
INFO: Removing 0 recipes
INFO: Removing 0 recipes
INFO: Removing 0 recipes
INFO: Removing 0 recipes
INFO: Removing 0 recipes
INFO: Removing 0 recipes
INFO: Removing 0 recipes
INFO: Removing 0 recipes
INFO: Removing 1 recipes
INFO: Removing 1 recipes
INFO: Removing 0 recipes
INFO: Removing 0 recipes
INFO: Removing 0 recipes
INFO: Removing 0 recipes
INFO: Removing 0 recipes
INFO: Removing 1 recipes
INFO: Removing 1 recipes
INFO: Removing 1 recipes
INFO: Removing 0 recipes
INFO: Removing 1 recipes
INFO: Removing 1 recipes
INFO: Removing 1 recipes
INFO: Removing 1 recipes
INFO: Removing 1 recipes
INFO: Removing 1 recipes
INFO: Removing 1 recipes
INFO: Removing 1 recipes
INFO: Removing 1 recipes
INFO: Removing 1 recipes
INFO: Removing 1 recipes
INFO: Removing 1 recipes
INFO: Removing 1 recipes
INFO: Removing 1 recipes
INFO: Removing 1 recipes
INFO: Removing 1 recipes
INFO: Removing 21 recipes
INFO: Removing 1 recipes
INFO: Removing 1 recipes
INFO: Adding recipe for Stainless Steel Blend
INFO: Removing 0 recipes
INFO: Removing 0 recipes
INFO: Removing 1 recipes
INFO: Adding recipe for Mithril Blend
INFO: Removing 4 furnace recipes
INFO: Removing 3 furnace recipes
INFO: Removing 2 furnace recipes
INFO: Removing 7 furnace recipes
INFO: Removing 1 furnace recipes
INFO: Removing 1 furnace recipes
INFO: Removing 1 furnace recipes
INFO: Removing 1 furnace recipes
INFO: Removing 0 recipes
INFO: Removing 1 recipes
INFO: Removing 1 recipes
INFO: Adding recipe for Raw Enriched Uranium
INFO: Adding recipe for Raw MOX Fuel
INFO: Adding recipe for Pile of Weapons-Grade Plutonium
INFO: Removing 1 recipes
INFO: Adding recipe for Demon Crystal
INFO: Adding recipe for Ruby Spellust
INFO: Adding recipe for Ruby Spellust
INFO: Adding recipe for Ruby Spellust
INFO: Adding recipe for Ruby Spellust
INFO: Adding recipe for Ruby Spellust
INFO: Adding recipe for Sapphire Spellust
INFO: Adding recipe for Sapphire Spellust
INFO: Adding recipe for Sapphire Spellust
INFO: Adding recipe for Sapphire Spellust
INFO: Adding recipe for Sapphire Spellust
INFO: Adding recipe for Citrine Spellust
INFO: Adding recipe for Citrine Spellust
INFO: Adding recipe for Citrine Spellust
INFO: Adding recipe for Citrine Spellust
INFO: Adding recipe for Citrine Spellust
INFO: Adding recipe for Agate Spellust
INFO: Adding recipe for Agate Spellust
INFO: Adding recipe for Agate Spellust
INFO: Adding recipe for Agate Spellust
INFO: Adding recipe for Agate Spellust
INFO: Adding recipe for Quartz Spellust
INFO: Adding recipe for Quartz Spellust
INFO: Adding recipe for Quartz Spellust
INFO: Adding recipe for Quartz Spellust
INFO: Adding recipe for Quartz Spellust
INFO: Adding recipe for Serendibite Spellust
INFO: Adding recipe for Serendibite Spellust
INFO: Adding recipe for Serendibite Spellust
INFO: Adding recipe for Serendibite Spellust
INFO: Adding recipe for Serendibite Spellust
INFO: Adding recipe for Emerald Spellust
INFO: Adding recipe for Emerald Spellust
INFO: Adding recipe for Emerald Spellust
INFO: Adding recipe for Emerald Spellust
INFO: Adding recipe for Emerald Spellust
INFO: Adding recipe for Amethyst Spellust
INFO: Adding recipe for Amethyst Spellust
INFO: Adding recipe for Amethyst Spellust
INFO: Adding recipe for Amethyst Spellust
INFO: Adding recipe for Amethyst Spellust
INFO: Adding recipe for Diamond Spellust
INFO: Adding recipe for Diamond Spellust
INFO: Adding recipe for Diamond Spellust
INFO: Adding recipe for Diamond Spellust
INFO: Adding recipe for Diamond Spellust
INFO: Adding Chromium Ingot to ore dictionary entry ingotChrome
INFO: Adding Powdered Chromium to ore dictionary entry dustChrome
INFO: Adding Chromium Nugget to ore dictionary entry nuggetChrome
INFO: Adding Chromium Block to ore dictionary entry blockChrome
INFO: Adding Chromium Plate to ore dictionary entry plateChrome
INFO: Removing Small Pile of Uranium 235 from ore dictionary entry ammoBolt
INFO: Removing 0 recipes
INFO: Removing 0 recipes
INFO: Removing 0 recipes
INFO: Removing 0 recipes
INFO: Removing 0 recipes
INFO: Removing 0 recipes
INFO: Removing 1 recipes
INFO: Adding recipe for Unbound Wand
INFO: Removing 1 recipes
INFO: Adding recipe for Wand of Magic Missiles
INFO: Adding recipe for Wand of Magic Missiles
INFO: Adding recipe for Wand of Magic Missiles
INFO: Adding recipe for Wand of Magic Missiles
INFO: Adding recipe for Wand of Magic Missiles
INFO: Adding recipe for Wand of Magic Missiles
INFO: Adding recipe for Wand of Magic Missiles
INFO: Adding recipe for Wand of Magic Missiles
INFO: Removing 1 recipes
INFO: Adding recipe for Wand of Meteors
INFO: Adding recipe for Wand of Meteors
INFO: Adding recipe for Wand of Meteors
INFO: Adding recipe for Wand of Meteors
INFO: Adding recipe for Wand of Meteors
INFO: Removing 1 recipes
INFO: Adding recipe for Wand of Death
INFO: Adding recipe for Wand of Death
INFO: Adding recipe for Wand of Death
INFO: Adding recipe for Wand of Death
INFO: Adding recipe for Wand of Death
INFO: Removing 1 recipes
INFO: Adding recipe for Wand of Growth
INFO: Adding recipe for Wand of Growth
INFO: Adding recipe for Wand of Growth
INFO: Adding recipe for Wand of Growth
INFO: Adding recipe for Wand of Growth
INFO: Adding recipe for Wand of Growth
INFO: Adding recipe for Wand of Growth
INFO: Adding recipe for Wand of Growth
INFO: Adding recipe for Wand of Growth
INFO: Removing 1 recipes
INFO: Adding recipe for Wand of Harvesting
INFO: Adding recipe for Wand of Harvesting
INFO: Adding recipe for Wand of Harvesting
INFO: Adding recipe for Wand of Harvesting
INFO: Adding recipe for Wand of Harvesting
INFO: Adding recipe for Wand of Harvesting
INFO: Adding recipe for Wand of Harvesting
INFO: Adding recipe for Wand of Harvesting
INFO: Adding recipe for Wand of Harvesting
INFO: Removing 1 recipes
INFO: Adding recipe for Wand of Healing
INFO: Adding recipe for Wand of Healing
INFO: Adding recipe for Wand of Healing
INFO: Adding recipe for Wand of Healing
INFO: Adding recipe for Wand of Healing
INFO: Removing 1 recipes
INFO: Adding recipe for Wand of Freezing
INFO: Adding recipe for Wand of Freezing
INFO: Adding recipe for Wand of Freezing
INFO: Adding recipe for Wand of Freezing
INFO: Adding recipe for Wand of Freezing
INFO: Adding recipe for Wand of Freezing
INFO: Adding recipe for Wand of Freezing
INFO: Adding recipe for Wand of Freezing
INFO: Adding recipe for Wand of Freezing
INFO: Removing 1 recipes
INFO: Adding recipe for Wand of Mining
INFO: Adding recipe for Wand of Mining
INFO: Adding recipe for Wand of Mining
INFO: Adding recipe for Wand of Mining
INFO: Adding recipe for Wand of Mining
INFO: Adding recipe for Wand of Mining
INFO: Adding recipe for Wand of Mining
INFO: Adding recipe for Wand of Mining
INFO: Adding recipe for Wand of Mining
INFO: Removing 1 recipes
INFO: Adding recipe for Wand of Teleportation
INFO: Adding recipe for Wand of Teleportation
INFO: Adding recipe for Wand of Teleportation
INFO: Adding recipe for Wand of Teleportation
INFO: Adding recipe for Wand of Teleportation
INFO: Removing 1 recipes
INFO: Adding recipe for Wand of Light
INFO: Adding recipe for Wand of Light
INFO: Adding recipe for Wand of Light
INFO: Adding recipe for Wand of Light
INFO: Adding recipe for Wand of Light
INFO: Adding recipe for Wand of Light
INFO: Adding recipe for Wand of Light
INFO: Adding recipe for Wand of Light
INFO: Adding recipe for Wand of Light
INFO: Removing 1 recipes
INFO: Adding recipe for Wand of Darkness Bane
INFO: Adding recipe for Wand of Darkness Bane
INFO: Adding recipe for Wand of Darkness Bane
INFO: Adding recipe for Wand of Darkness Bane
INFO: Adding recipe for Wand of Darkness Bane
INFO: Adding recipe for Wand of Darkness Bane
INFO: Adding recipe for Wand of Darkness Bane
INFO: Adding recipe for Wand of Darkness Bane
INFO: Adding recipe for Wand of Darkness Bane
INFO: Removing 1 recipes
INFO: Adding recipe for Wand of Storms
INFO: Adding recipe for Wand of Storms
INFO: Adding recipe for Wand of Storms
INFO: Adding recipe for Wand of Storms
INFO: Adding recipe for Wand of Storms
INFO: Removing 1 recipes
INFO: Adding recipe for Wand of Lightning
INFO: Adding recipe for Wand of Lightning
INFO: Adding recipe for Wand of Lightning
INFO: Adding recipe for Wand of Lightning
INFO: Adding recipe for Wand of Lightning
INFO: Adding recipe for Wand of Lightning
INFO: Adding recipe for Wand of Lightning
INFO: Adding recipe for Wand of Lightning
INFO: Adding recipe for Wand of Storms
INFO: Removing 2 recipes
INFO: Adding recipe for Wand of Bridging
INFO: Adding recipe for Wand of Bridging
INFO: Adding recipe for Wand of Bridging
INFO: Adding recipe for Wand of Bridging
INFO: Adding recipe for Wand of Bridging
INFO: Adding recipe for Wand of Bridging
INFO: Removing 1 recipes
INFO: Adding recipe for Wand of Climbing
INFO: Adding recipe for Wand of Climbing
INFO: Adding recipe for Wand of Climbing
INFO: Adding recipe for Wand of Climbing
INFO: Adding recipe for Wand of Climbing
INFO: Adding recipe for Wand of Climbing
INFO: Adding recipe for Wand of Climbing
INFO: Adding recipe for Wand of Climbing
INFO: Adding recipe for Wand of Climbing
INFO: Removing 1 recipes
INFO: Adding recipe for Wand of Illusions
INFO: Adding recipe for Wand of Illusions
INFO: Adding recipe for Wand of Illusions
INFO: Adding recipe for Wand of Illusions
INFO: Adding recipe for Wand of Illusions
INFO: Adding recipe for Wand of Illusions
INFO: Adding recipe for Wand of Illusions
INFO: Adding recipe for Wand of Illusions
INFO: Adding recipe for Wand of Illusions
INFO: Removing 1 recipes
INFO: Adding recipe for Wand of Railroads
INFO: Adding recipe for Wand of Railroads
INFO: Adding recipe for Wand of Railroads
INFO: Adding recipe for Wand of Railroads
INFO: Adding recipe for Wand of Railroads
INFO: Adding recipe for Wand of Railroads
INFO: Adding recipe for Wand of Railroads
INFO: Adding recipe for Wand of Railroads
INFO: Adding recipe for Wand of Railroads
INFO: Removing 1 recipes
INFO: Adding recipe for Wand of Webbing
INFO: Adding recipe for Wand of Webbing
INFO: Adding recipe for Wand of Webbing
INFO: Adding recipe for Wand of Webbing
INFO: Adding recipe for Wand of Webbing
INFO: Adding recipe for Wand of Webbing
INFO: Adding recipe for Wand of Webbing
INFO: Adding recipe for Wand of Webbing
INFO: Adding recipe for Wand of Webbing
INFO: Removing 1 recipes
INFO: Removing 1 recipes
INFO: Adding recipe for Wand of Tunneling
INFO: Adding recipe for Wand of Tunneling
INFO: Adding recipe for Wand of Tunneling
INFO: Adding recipe for Wand of Tunneling
INFO: Adding recipe for Wand of Tunneling
INFO: 
INFO: 
INFO: 
INFO: 
INFO: 
